#
# A fatal error has been detected by the Java Runtime Environment:
#
#  EXCEPTION_STACK_OVERFLOW (0xc00000fd) at pc=0x0000000065513987, pid=8176, tid=0x0000000000002218
#
# JRE version: Java(TM) SE Runtime Environment (8.0_101-b13) (build 1.8.0_101-b13)
# Java VM: Java HotSpot(TM) 64-Bit Server VM (25.101-b13 mixed mode windows-amd64 compressed oops)
# Problematic frame:
# V  [jvm.dll+0x213987]
#
# Failed to write core dump. Minidumps are not enabled by default on client versions of Windows
#
# If you would like to submit a bug report, please visit:
#   http://bugreport.java.com/bugreport/crash.jsp
#

---------------  T H R E A D  ---------------

Current thread (0x0000000019665000):  JavaThread "<no-name - thread is attaching>" [_thread_in_vm, id=8728, stack(0x000000001e840000,0x000000001e940000)]

siginfo: ExceptionCode=0xc00000fd, ExceptionInformation=0x0000000000000001 0x000000001e93c720 

Registers:
RAX=0x000000001e93c720, RBX=0x0000000000000004, RCX=0x0000000000003000, RDX=0x0000000000000006
RSP=0x000000001e93f720, RBP=0x0000000000000000, RSI=0x000000001e93f720, RDI=0x0000000000000004
R8 =0x0000000000000006, R9 =0x000000001964ae60, R10=0x0000000016b0ce38, R11=0x000000001e84a180
R12=0x000000001964ae60, R13=0x0000000019665000, R14=0x000000001e93f7e8, R15=0x0000000016b0ce38
RIP=0x0000000065513987, EFLAGS=0x0000000000010202

Top of Stack: (sp=0x000000001e93f720)
0x000000001e93f720:   000000001964ae60 00000001000069a0
0x000000001e93f730:   0000000019665000 000000001964ae60
0x000000001e93f740:   00000000ffffffff 00000000655148b7
0x000000001e93f750:   000000001e93f850 0000000016b0ce38
0x000000001e93f760:   0000000019665000 0000000000000010
0x000000001e93f770:   0000002700000007 0000000065920b60
0x000000001e93f780:   000000001e93fa40 0000000000000000
0x000000001e93f790:   0000000016b0ce38 0000000019665000
0x000000001e93f7a0:   0000000002933200 0000000065920701
0x000000001e93f7b0:   00000000196378a0 0000000000e10000
0x000000001e93f7c0:   0000000000000000 0000000002712010
0x000000001e93f7d0:   0000000019637890 0000000016b0ce38
0x000000001e93f7e0:   0000000019665000 00000000191c4ae8
0x000000001e93f7f0:   0000000000000000 0000000000000040
0x000000001e93f800:   000000001e93faf8 0000000000e10000
0x000000001e93f810:   0000000000000000 0000000002710000 

Instructions: (pc=0x0000000065513987)
0x0000000065513967:   48 89 6c 24 30 33 ed 66 90 e8 cb 37 08 00 ff c3
0x0000000065513977:   48 63 c8 48 8b c6 48 0f af cf 48 ff c7 48 2b c1
0x0000000065513987:   89 28 48 63 c3 48 3b 05 3d 0d 59 00 7e db 48 8b
0x0000000065513997:   6c 24 30 48 8b 5c 24 38 48 8b 74 24 40 48 83 c4 


Register to memory mapping:

RAX=0x000000001e93c720 is pointing into the stack for thread: 0x0000000019665000
RBX=0x0000000000000004 is an unknown value
RCX=0x0000000000003000 is an unknown value
RDX=0x0000000000000006 is an unknown value
RSP=0x000000001e93f720 is pointing into the stack for thread: 0x0000000019665000
RBP=0x0000000000000000 is an unknown value
RSI=0x000000001e93f720 is pointing into the stack for thread: 0x0000000019665000
RDI=0x0000000000000004 is an unknown value
R8 =0x0000000000000006 is an unknown value
R9 =0x000000001964ae60 is an unknown value
R10={method} {0x0000000016b0ce40} '<init>' '(Ljava/lang/ThreadGroup;Ljava/lang/Runnable;)V' in 'java/lang/Thread'
R11=0x000000001e84a180 is pointing into the stack for thread: 0x0000000019665000
R12=0x000000001964ae60 is an unknown value
R13=0x0000000019665000 is a thread
R14=0x000000001e93f7e8 is pointing into the stack for thread: 0x0000000019665000
R15={method} {0x0000000016b0ce40} '<init>' '(Ljava/lang/ThreadGroup;Ljava/lang/Runnable;)V' in 'java/lang/Thread'


Stack: [0x000000001e840000,0x000000001e940000],  sp=0x000000001e93f720,  free space=1021k
Native frames: (J=compiled Java code, j=interpreted, Vv=VM code, C=native code)


---------------  P R O C E S S  ---------------

Java Threads: ( => current thread )
=>0x0000000019665000 JavaThread "<no-name - thread is attaching>" [_thread_in_vm, id=8728, stack(0x000000001e840000,0x000000001e940000)]
  0x0000000019634000 JavaThread "JavaFX Application Thread" [_thread_blocked, id=11100, stack(0x000000001a1a0000,0x000000001a2a0000)]
  0x00000000195e3000 JavaThread "Thread-2" daemon [_thread_blocked, id=10948, stack(0x000000001a0a0000,0x000000001a1a0000)]
  0x00000000191b0000 JavaThread "QuantumRenderer-0" daemon [_thread_blocked, id=11300, stack(0x0000000019dd0000,0x0000000019ed0000)]
  0x0000000019179800 JavaThread "JavaFX-Launcher" [_thread_blocked, id=172, stack(0x00000000194d0000,0x00000000195d0000)]
  0x0000000018ebe000 JavaThread "Monitor Ctrl-Break" daemon [_thread_in_native, id=1184, stack(0x00000000193d0000,0x00000000194d0000)]
  0x0000000018e0e000 JavaThread "Service Thread" daemon [_thread_blocked, id=11820, stack(0x00000000191d0000,0x00000000192d0000)]
  0x0000000017487800 JavaThread "C1 CompilerThread2" daemon [_thread_blocked, id=3524, stack(0x0000000018cd0000,0x0000000018dd0000)]
  0x0000000017481000 JavaThread "C2 CompilerThread1" daemon [_thread_blocked, id=8308, stack(0x0000000018bd0000,0x0000000018cd0000)]
  0x000000001747e800 JavaThread "C2 CompilerThread0" daemon [_thread_blocked, id=4904, stack(0x0000000018ad0000,0x0000000018bd0000)]
  0x000000001747d000 JavaThread "Attach Listener" daemon [_thread_blocked, id=11916, stack(0x00000000189d0000,0x0000000018ad0000)]
  0x000000001747b800 JavaThread "Signal Dispatcher" daemon [_thread_blocked, id=7972, stack(0x00000000188d0000,0x00000000189d0000)]
  0x000000001746a800 JavaThread "Finalizer" daemon [_thread_blocked, id=11836, stack(0x00000000186e0000,0x00000000187e0000)]
  0x0000000002912000 JavaThread "Reference Handler" daemon [_thread_blocked, id=6764, stack(0x00000000185e0000,0x00000000186e0000)]
  0x0000000002822800 JavaThread "main" [_thread_blocked, id=2548, stack(0x0000000002720000,0x0000000002820000)]

Other Threads:
  0x0000000017446800 VMThread [stack: 0x00000000184e0000,0x00000000185e0000] [id=4996]
  0x0000000018e14800 WatcherThread [stack: 0x00000000192d0000,0x00000000193d0000] [id=7172]

VM state:synchronizing (normal execution)

VM Mutex/Monitor currently owned by a thread:  ([mutex/lock_event])
[0x000000000271d580] Threads_lock - owner thread: 0x0000000017446800
[0x000000000271cc00] Heap_lock - owner thread: 0x0000000019634000

Heap:
 PSYoungGen      total 38400K, used 12974K [0x00000000d5d00000, 0x00000000d8780000, 0x0000000100000000)
  eden space 33280K, 38% used [0x00000000d5d00000,0x00000000d69abb08,0x00000000d7d80000)
  from space 5120K, 0% used [0x00000000d8280000,0x00000000d8280000,0x00000000d8780000)
  to   space 5120K, 0% used [0x00000000d7d80000,0x00000000d7d80000,0x00000000d8280000)
 ParOldGen       total 87552K, used 0K [0x0000000081600000, 0x0000000086b80000, 0x00000000d5d00000)
  object space 87552K, 0% used [0x0000000081600000,0x0000000081600000,0x0000000086b80000)
 Metaspace       used 6990K, capacity 7322K, committed 7424K, reserved 1060864K
  class space    used 870K, capacity 967K, committed 1024K, reserved 1048576K

Card table byte_map: [0x0000000011ce0000,0x00000000120e0000] byte_map_base: 0x00000000118d5000

Marking Bits: (ParMarkBitMap*) 0x0000000065b1a6d0
 Begin Bits: [0x0000000012790000, 0x0000000014738000)
 End Bits:   [0x0000000014738000, 0x00000000166e0000)

Polling page: 0x0000000000e30000

CodeCache: size=245760Kb used=2154Kb max_used=2161Kb free=243605Kb
 bounds [0x0000000002920000, 0x0000000002b90000, 0x0000000011920000]
 total_blobs=894 nmethods=499 adapters=308
 compilation: enabled

Compilation events (10 events):
Event: 3.296 Thread 0x0000000017487800  443       3       java.lang.invoke.MethodHandleNatives::refKindIsField (32 bytes)
Event: 3.296 Thread 0x0000000017487800 nmethod 443 0x0000000002b0d9d0 code [0x0000000002b0db20, 0x0000000002b0dcd0]
Event: 3.296 Thread 0x0000000017487800  444       3       java.lang.invoke.MethodType::<init> (40 bytes)
Event: 3.297 Thread 0x0000000017487800 nmethod 444 0x0000000002b13f50 code [0x0000000002b14100, 0x0000000002b14768]
Event: 3.297 Thread 0x0000000017487800  445       3       java.lang.invoke.MethodTypeForm::canonicalize (64 bytes)
Event: 3.297 Thread 0x0000000017487800 nmethod 445 0x0000000002b13850 code [0x0000000002b139e0, 0x0000000002b13e28]
Event: 3.297 Thread 0x0000000017487800  446       3       java.lang.invoke.MethodType::basicType (8 bytes)
Event: 3.297 Thread 0x0000000017487800 nmethod 446 0x0000000002b13450 code [0x0000000002b135a0, 0x0000000002b13790]
Event: 3.298 Thread 0x0000000017487800  447   !   3       java.lang.ref.Finalizer::add (41 bytes)
Event: 3.298 Thread 0x0000000017487800 nmethod 447 0x0000000002b12e10 code [0x0000000002b12f80, 0x0000000002b13330]

GC Heap History (0 events):
No events

Deoptimization events (0 events):
No events

Internal exceptions (9 events):
Event: 0.048 Thread 0x0000000002822800 Exception <a 'java/lang/NoSuchMethodError': Method sun.misc.Unsafe.defineClass(Ljava/lang/String;[BII)Ljava/lang/Class; name or signature does not match> (0x00000000d5d07cc0) thrown at [C:\re\workspace\8-2-build-windows-amd64-cygwin\jdk8u101\7261\hotspot\sÀÖãPŒá®?
Event: 0.048 Thread 0x0000000002822800 Exception <a 'java/lang/NoSuchMethodError': Method sun.misc.Unsafe.prefetchRead(Ljava/lang/Object;J)V name or signature does not match> (0x00000000d5d07fa8) thrown at [C:\re\workspace\8-2-build-windows-amd64-cygwin\jdk8u101\7261\hotspot\src\share\vm\prims\nÛèe…?
Event: 0.198 Thread 0x0000000002822800 Exception <a 'java/lang/NoSuchFieldError': method resolution failed> (0x00000000d600b830) thrown at [C:\re\workspace\8-2-build-windows-amd64-cygwin\jdk8u101\7261\hotspot\src\share\vm\prims\methodHandles.cpp, line 1146]
Event: 0.200 Thread 0x0000000002822800 Exception <a 'java/lang/NoSuchFieldError': method resolution failed> (0x00000000d6018bb0) thrown at [C:\re\workspace\8-2-build-windows-amd64-cygwin\jdk8u101\7261\hotspot\src\share\vm\prims\methodHandles.cpp, line 1146]
Event: 0.233 Thread 0x0000000019179800 Exception <a 'java/security/PrivilegedActionException'> (0x00000000d60ff168) thrown at [C:\re\workspace\8-2-build-windows-amd64-cygwin\jdk8u101\7261\hotspot\src\share\vm\prims\jvm.cpp, line 1386]
Event: 0.233 Thread 0x0000000019179800 Exception <a 'java/security/PrivilegedActionException'> (0x00000000d60ff378) thrown at [C:\re\workspace\8-2-build-windows-amd64-cygwin\jdk8u101\7261\hotspot\src\share\vm\prims\jvm.cpp, line 1386]
Event: 0.234 Thread 0x0000000019179800 Exception <a 'java/security/PrivilegedActionException'> (0x00000000d6103260) thrown at [C:\re\workspace\8-2-build-windows-amd64-cygwin\jdk8u101\7261\hotspot\src\share\vm\prims\jvm.cpp, line 1386]
Event: 0.234 Thread 0x0000000019179800 Exception <a 'java/security/PrivilegedActionException'> (0x00000000d6103470) thrown at [C:\re\workspace\8-2-build-windows-amd64-cygwin\jdk8u101\7261\hotspot\src\share\vm\prims\jvm.cpp, line 1386]
Event: 0.234 Thread 0x0000000019179800 Exception <a 'java/lang/NullPointerException'> (0x00000000d6103a48) thrown at [C:\re\workspace\8-2-build-windows-amd64-cygwin\jdk8u101\7261\hotspot\src\share\vm\interpreter\linkResolver.cpp, line 1178]

Events (10 events):
Event: 3.296 loading class com/sun/javafx/collections/TrackableObservableList done
Event: 3.296 loading class javafx/scene/image/Image
Event: 3.296 loading class javafx/scene/image/Image done
Event: 3.297 loading class com/sun/javafx/tk/Toolkit$ImageAccessor
Event: 3.297 loading class com/sun/javafx/tk/Toolkit$ImageAccessor done
Event: 3.298 loading class javafx/scene/image/Image$DoublePropertyImpl
Event: 3.298 loading class javafx/scene/image/Image$DoublePropertyImpl done
Event: 3.298 loading class javafx/scene/image/Image$ObjectPropertyImpl
Event: 3.298 loading class javafx/scene/image/Image$ObjectPropertyImpl done
Event: 3.298 Thread 0x0000000019665000 Thread added: 0x0000000019665000


Dynamic libraries:
0x00007ff6cc760000 - 0x00007ff6cc797000 	C:\Program Files\Java\jdk1.8.0_101\bin\java.exe
0x00007fff7d7a0000 - 0x00007fff7d971000 	C:\WINDOWS\SYSTEM32\ntdll.dll
0x00007fff7c2e0000 - 0x00007fff7c38b000 	C:\WINDOWS\System32\KERNEL32.DLL
0x00007fff79eb0000 - 0x00007fff7a0cd000 	C:\WINDOWS\System32\KERNELBASE.dll
0x00007fff7c770000 - 0x00007fff7c812000 	C:\WINDOWS\System32\ADVAPI32.dll
0x00007fff7ad30000 - 0x00007fff7adce000 	C:\WINDOWS\System32\msvcrt.dll
0x00007fff7d740000 - 0x00007fff7d799000 	C:\WINDOWS\System32\sechost.dll
0x00007fff7d570000 - 0x00007fff7d691000 	C:\WINDOWS\System32\RPCRT4.dll
0x00007fff7c470000 - 0x00007fff7c5d5000 	C:\WINDOWS\System32\USER32.dll
0x00007fff7a4b0000 - 0x00007fff7a4ce000 	C:\WINDOWS\System32\win32u.dll
0x00007fff7d4d0000 - 0x00007fff7d504000 	C:\WINDOWS\System32\GDI32.dll
0x00007fff7a320000 - 0x00007fff7a4a2000 	C:\WINDOWS\System32\gdi32full.dll
0x00007fff6f8f0000 - 0x00007fff6fb6a000 	C:\WINDOWS\WinSxS\amd64_microsoft.windows.common-controls_6595b64144ccf1df_6.0.14393.351_none_4213128bc687e6d3\COMCTL32.dll
0x00007fff7c960000 - 0x00007fff7cc27000 	C:\WINDOWS\System32\combase.dll
0x00007fff7a220000 - 0x00007fff7a315000 	C:\WINDOWS\System32\ucrtbase.dll
0x00007fff7ac10000 - 0x00007fff7ac7a000 	C:\WINDOWS\System32\bcryptPrimitives.dll
0x00007fff7cc30000 - 0x00007fff7cc5e000 	C:\WINDOWS\System32\IMM32.DLL
0x0000000064e30000 - 0x0000000064f02000 	C:\Program Files\Java\jdk1.8.0_101\jre\bin\msvcr100.dll
0x0000000065300000 - 0x0000000065b9a000 	C:\Program Files\Java\jdk1.8.0_101\jre\bin\server\jvm.dll
0x00007fff7c3a0000 - 0x00007fff7c3a8000 	C:\WINDOWS\System32\PSAPI.DLL
0x00007fff6cc60000 - 0x00007fff6cc69000 	C:\WINDOWS\SYSTEM32\WSOCK32.dll
0x00007fff77fb0000 - 0x00007fff77fd3000 	C:\WINDOWS\SYSTEM32\WINMM.dll
0x00007fff7c5e0000 - 0x00007fff7c64a000 	C:\WINDOWS\System32\WS2_32.dll
0x00007fff76810000 - 0x00007fff7681a000 	C:\WINDOWS\SYSTEM32\VERSION.dll
0x00007fff77f80000 - 0x00007fff77fab000 	C:\WINDOWS\SYSTEM32\WINMMBASE.dll
0x00007fff79e60000 - 0x00007fff79ea2000 	C:\WINDOWS\System32\cfgmgr32.dll
0x00000000652f0000 - 0x00000000652ff000 	C:\Program Files\Java\jdk1.8.0_101\jre\bin\verify.dll
0x00000000652c0000 - 0x00000000652e9000 	C:\Program Files\Java\jdk1.8.0_101\jre\bin\java.dll
0x00000000652a0000 - 0x00000000652b6000 	C:\Program Files\Java\jdk1.8.0_101\jre\bin\zip.dll
0x00007fff7add0000 - 0x00007fff7c2d9000 	C:\WINDOWS\System32\SHELL32.dll
0x00007fff7a530000 - 0x00007fff7ac0a000 	C:\WINDOWS\System32\windows.storage.dll
0x00007fff79c40000 - 0x00007fff79c8c000 	C:\WINDOWS\System32\powrprof.dll
0x00007fff7d510000 - 0x00007fff7d562000 	C:\WINDOWS\System32\shlwapi.dll
0x00007fff79c30000 - 0x00007fff79c3f000 	C:\WINDOWS\System32\kernel.appcore.dll
0x00007fff7a0d0000 - 0x00007fff7a179000 	C:\WINDOWS\System32\shcore.dll
0x00007fff79c00000 - 0x00007fff79c14000 	C:\WINDOWS\System32\profapi.dll
0x00007fff78130000 - 0x00007fff78140000 	C:\Program Files (x86)\JetBrains\IntelliJ IDEA Community Edition 2016.2.4\bin\breakgen64.dll
0x0000000065280000 - 0x000000006529a000 	C:\Program Files\Java\jdk1.8.0_101\jre\bin\net.dll
0x00007fff792f0000 - 0x00007fff7934c000 	C:\WINDOWS\system32\mswsock.dll
0x00007fff58b30000 - 0x00007fff58c1f000 	C:\Program Files\Java\jdk1.8.0_101\jre\bin\msvcr120.dll
0x00007fff58860000 - 0x00007fff58906000 	C:\Program Files\Java\jdk1.8.0_101\jre\bin\msvcp120.dll
0x0000000064e00000 - 0x0000000064e22000 	C:\Program Files\Java\jdk1.8.0_101\jre\bin\prism_d3d.dll
0x00007fff6b910000 - 0x00007fff6ba9d000 	C:\WINDOWS\system32\d3d9.dll
0x00007fff76b90000 - 0x00007fff76bb6000 	C:\WINDOWS\SYSTEM32\dwmapi.dll
0x00007fff783f0000 - 0x00007fff78485000 	C:\WINDOWS\system32\uxtheme.dll
0x00007fff35290000 - 0x00007fff377cc000 	C:\WINDOWS\SYSTEM32\igdumdim64.dll
0x00007fff7c3b0000 - 0x00007fff7c46f000 	C:\WINDOWS\System32\OLEAUT32.dll
0x00007fff7a180000 - 0x00007fff7a21c000 	C:\WINDOWS\System32\msvcp_win.dll
0x00007fff7c820000 - 0x00007fff7c957000 	C:\WINDOWS\System32\ole32.dll
0x00007fff7cfd0000 - 0x00007fff7d3f9000 	C:\WINDOWS\System32\SETUPAPI.dll
0x0000000064db0000 - 0x0000000064df3000 	C:\Program Files\Java\jdk1.8.0_101\jre\bin\glass.dll
0x00007fff7c650000 - 0x00007fff7c74a000 	C:\WINDOWS\System32\COMDLG32.dll
0x00007fff7ccc0000 - 0x00007fff7ce1b000 	C:\WINDOWS\System32\MSCTF.dll
0x00007fff3afa0000 - 0x00007fff3b008000 	C:\Program Files (x86)\Overwolf\0.100.227.0\x64\OWExplorer.dll
0x00007fff67420000 - 0x00007fff675b2000 	C:\WINDOWS\SYSTEM32\dbghelp.dll
0x00007fff673f0000 - 0x00007fff67419000 	C:\WINDOWS\SYSTEM32\dbgcore.DLL
0x00007fff72660000 - 0x00007fff73093000 	C:\WINDOWS\SYSTEM32\igdusc64.dll

VM Arguments:
jvm_args: -Didea.launcher.port=7538 -Didea.launcher.bin.path=C:\Program Files (x86)\JetBrains\IntelliJ IDEA Community Edition 2016.2.4\bin -Dfile.encoding=UTF-8 
java_command: com.intellij.rt.execution.application.AppMain Main
java_class_path (initial): C:\Program Files\Java\jdk1.8.0_101\jre\lib\charsets.jar;C:\Program Files\Java\jdk1.8.0_101\jre\lib\deploy.jar;C:\Program Files\Java\jdk1.8.0_101\jre\lib\ext\access-bridge-64.jar;C:\Program Files\Java\jdk1.8.0_101\jre\lib\ext\cldrdata.jar;C:\Program Files\Java\jdk1.8.0_101\jre\lib\ext\dnsns.jar;C:\Program Files\Java\jdk1.8.0_101\jre\lib\ext\jaccess.jar;C:\Program Files\Java\jdk1.8.0_101\jre\lib\ext\jfxrt.jar;C:\Program Files\Java\jdk1.8.0_101\jre\lib\ext\localedata.jar;C:\Program Files\Java\jdk1.8.0_101\jre\lib\ext\nashorn.jar;C:\Program Files\Java\jdk1.8.0_101\jre\lib\ext\sunec.jar;C:\Program Files\Java\jdk1.8.0_101\jre\lib\ext\sunjce_provider.jar;C:\Program Files\Java\jdk1.8.0_101\jre\lib\ext\sunmscapi.jar;C:\Program Files\Java\jdk1.8.0_101\jre\lib\ext\sunpkcs11.jar;C:\Program Files\Java\jdk1.8.0_101\jre\lib\ext\zipfs.jar;C:\Program Files\Java\jdk1.8.0_101\jre\lib\javaws.jar;C:\Program Files\Java\jdk1.8.0_101\jre\lib\jce.jar;C:\Program Files\Java\jdk1.8.0_101\jre\lib\jfr.jar;C:\Program Files\Java\jdk1.8.0_101\jre\lib\jfxswt.jar;C:\Program Files\Java\jdk1.8.0_101\jre\lib\jsse.jar;C:\Program Files\Java\jdk1.8.0_101\jre\lib\management-agent.jar;C:\Program Files\Java\jdk1.8.0_101\jre\lib\plugin.jar;C:\Program Files\Java\jdk1.8.0_101\jre\lib\resources.jar;C:\Program Files\Java\jdk1.8.0_101\jre\lib\rt.jar;F:\Java_Projects\LMS2\out\production\LMS2;C:\Program Files (x86)\JetBrains\IntelliJ IDEA Community Edition 2016.2.4\lib\idea_rt.jar
Launcher Type: SUN_STANDARD

Environment Variables:
PATH=C:\Program Files (x86)\NVIDIA Corporation\PhysX\Common;C:\ProgramData\Oracle\Java\javapath;C:\Program Files (x86)\Intel\iCLS Client\;C:\Program Files\Intel\iCLS Client\;C:\WINDOWS\system32;C:\WINDOWS;C:\WINDOWS\System32\Wbem;C:\WINDOWS\System32\WindowsPowerShell\v1.0\;C:\Program Files\Intel\Intel(R) Management Engine Components\DAL;C:\Program Files (x86)\Intel\Intel(R) Management Engine Components\DAL;C:\Program Files\Intel\Intel(R) Management Engine Components\IPT;C:\Program Files (x86)\Intel\Intel(R) Management Engine Components\IPT;C:\Program Files\Intel\WiFi\bin\;C:\Program Files\Common Files\Intel\WirelessCommon\;C:\Program Files (x86)\Brackets\command;C:\Program Files (x86)\Skype\Phone\;C:\Program Files\Microsoft SQL Server\120\DTS\Binn\;C:\Program Files\Microsoft SQL Server\Client SDK\ODBC\110\Tools\Binn\;C:\Program Files (x86)\Microsoft SQL Server\120\Tools\Binn\;C:\Program Files\Microsoft SQL Server\120\Tools\Binn\;C:\Program Files (x86)\Microsoft SQL Server\120\Tools\Binn\ManagementStudio\;C:\Program Files (x86)\Microsoft SQL Server\120\DTS\Binn\;C:\Program Files\Git\cmd;C:\Program Files\Java\jdk1.8.0_101\bin;%USERPROFILE%\AppData\Local\Microsoft\WindowsApps;
USERNAME=PC - MeiR
OS=Windows_NT
PROCESSOR_IDENTIFIER=Intel64 Family 6 Model 61 Stepping 4, GenuineIntel



---------------  S Y S T E M  ---------------

OS: Windows 10.0 , 64 bit Build 14393 (10.0.14393.0)

CPU:total 4 (2 cores per cpu, 2 threads per core) family 6 model 61 stepping 4, cmov, cx8, fxsr, mmx, sse, sse2, sse3, ssse3, sse4.1, sse4.2, popcnt, avx, avx2, aes, clmul, erms, 3dnowpref, lzcnt, ht, tsc, tscinvbit, bmi1, bmi2, adx

Memory: 4k page, physical 8296892k(1682000k free), swap 21344312k(1368k free)

vm_info: Java HotSpot(TM) 64-Bit Server VM (25.101-b13) for windows-amd64 JRE (1.8.0_101-b13), built on Jun 22 2016 01:21:29 by "java_re" with MS VC++ 10.0 (VS2010)

time: Tue Dec 20 15:50:18 2016
elapsed time: 3 seconds (0d 0h 0m 3s)

